CLIENT_HANDSHAKE_TRAFFIC_SECRET 995e4b6ae37dee92bcff08e950760332b9a986d4fbd190b0862c5ef06de12a1d 542a51ab00fae1fd2b8964d602034588b70c300517223283f01abf1afb78be69
SERVER_HANDSHAKE_TRAFFIC_SECRET 995e4b6ae37dee92bcff08e950760332b9a986d4fbd190b0862c5ef06de12a1d 3cd086d8a06cf6d8c6400598bf02bc3aeca403e125c1872a6089af2e112e3aed
CLIENT_TRAFFIC_SECRET_0 995e4b6ae37dee92bcff08e950760332b9a986d4fbd190b0862c5ef06de12a1d b0a1d9467dba6cdcdd42e7688d294a3c4a7ca1c5098cce95f8929f805423550c
SERVER_TRAFFIC_SECRET_0 995e4b6ae37dee92bcff08e950760332b9a986d4fbd190b0862c5ef06de12a1d 07f294ca1a195f8d4e13c1a953a5a58b94a771b868ae646cd233f277e4a21595
EXPORTER_SECRET 995e4b6ae37dee92bcff08e950760332b9a986d4fbd190b0862c5ef06de12a1d 0338931009bd86288cde6f25330426e2e6635ec210485ae84996fe5617028255
CLIENT_HANDSHAKE_TRAFFIC_SECRET 995e4b6ae37dee92bcff08e950760332b9a986d4fbd190b0862c5ef06de12a1d 542a51ab00fae1fd2b8964d602034588b70c300517223283f01abf1afb78be69
SERVER_HANDSHAKE_TRAFFIC_SECRET 995e4b6ae37dee92bcff08e950760332b9a986d4fbd190b0862c5ef06de12a1d 3cd086d8a06cf6d8c6400598bf02bc3aeca403e125c1872a6089af2e112e3aed
CLIENT_TRAFFIC_SECRET_0 995e4b6ae37dee92bcff08e950760332b9a986d4fbd190b0862c5ef06de12a1d b0a1d9467dba6cdcdd42e7688d294a3c4a7ca1c5098cce95f8929f805423550c
SERVER_TRAFFIC_SECRET_0 995e4b6ae37dee92bcff08e950760332b9a986d4fbd190b0862c5ef06de12a1d 07f294ca1a195f8d4e13c1a953a5a58b94a771b868ae646cd233f277e4a21595
EXPORTER_SECRET 995e4b6ae37dee92bcff08e950760332b9a986d4fbd190b0862c5ef06de12a1d 0338931009bd86288cde6f25330426e2e6635ec210485ae84996fe5617028255
SERVER_HANDSHAKE_TRAFFIC_SECRET 2494ec800d0931016dfd3036cc03f7c17d276cea803e3f85012759a54774beca 0c36e4362d1d34edb8e201446a4b005b4d3dd75f6c46a7608ab8160af02878d5
EXPORTER_SECRET 2494ec800d0931016dfd3036cc03f7c17d276cea803e3f85012759a54774beca caffd1cf9f4680e81abe9d40ad8f4059235e64bb1195c5d12460ce448125b944
SERVER_TRAFFIC_SECRET_0 2494ec800d0931016dfd3036cc03f7c17d276cea803e3f85012759a54774beca 626a2169bafa3fb3c61d110d4bb750720b4f9e1d46f611b24c6d0b77442ab7f5
CLIENT_HANDSHAKE_TRAFFIC_SECRET 2494ec800d0931016dfd3036cc03f7c17d276cea803e3f85012759a54774beca 4f42e46efa1f51d1be7f1410d2a2c758c1e0486c3dff2c85047771dc6d2a32ad
CLIENT_TRAFFIC_SECRET_0 2494ec800d0931016dfd3036cc03f7c17d276cea803e3f85012759a54774beca 1baf8de5158fadf75a5c6286634f4434ba5f606e26a354f814fb1f3db13aacc6
SERVER_HANDSHAKE_TRAFFIC_SECRET b324e962273fd3456290c3ad635236378932a9084c29449882ee745ce5a70c28 add69d8aabb4d607a0809ffa91405533728664d6105dff73442d93ed06ec4a8e
EXPORTER_SECRET b324e962273fd3456290c3ad635236378932a9084c29449882ee745ce5a70c28 da12fde9eaa1f477d0ed841b366816b4cdb5d577fa0f7658133e97c9031cbc5a
SERVER_TRAFFIC_SECRET_0 b324e962273fd3456290c3ad635236378932a9084c29449882ee745ce5a70c28 c75c19c3aa232d7683233b291227f1893d75d03ea80a27c9519a1c8621108ba9
CLIENT_HANDSHAKE_TRAFFIC_SECRET b324e962273fd3456290c3ad635236378932a9084c29449882ee745ce5a70c28 7605c12d95e1477622f57abf525aee4cd02b18070832e3caec4a923c26ce7a46
CLIENT_TRAFFIC_SECRET_0 b324e962273fd3456290c3ad635236378932a9084c29449882ee745ce5a70c28 27ef4e70d1bc975e3606edaf37e82201f313af6f983963879395035743fef60a
CLIENT_HANDSHAKE_TRAFFIC_SECRET 95c97db2a64fdf381baf385fe2687b825366feebdf671feba5be8ddab28343da 71b6959ad3ee2f0507fe320e11fafedf2279112a1ed5c5a20ed796db95860179
SERVER_HANDSHAKE_TRAFFIC_SECRET 95c97db2a64fdf381baf385fe2687b825366feebdf671feba5be8ddab28343da 8bc5a5bbfbbad7cf9acadc1b990e513113d913084593cf6082fddb25de38a3d5
CLIENT_TRAFFIC_SECRET_0 95c97db2a64fdf381baf385fe2687b825366feebdf671feba5be8ddab28343da dc086335541e68e2586da228a630808de40a8c3a991234e67e317a13f5f84163
SERVER_TRAFFIC_SECRET_0 95c97db2a64fdf381baf385fe2687b825366feebdf671feba5be8ddab28343da 4538f83feceac039e680fc5434efc24e59d326afbb36a32cae5a4046c3ad62d0
EXPORTER_SECRET 95c97db2a64fdf381baf385fe2687b825366feebdf671feba5be8ddab28343da b8c2917a9b5c4cf4fd865df3ad6f36ec7b0340fb3e5330b77e6846d189639b8f
CLIENT_HANDSHAKE_TRAFFIC_SECRET 95c97db2a64fdf381baf385fe2687b825366feebdf671feba5be8ddab28343da 71b6959ad3ee2f0507fe320e11fafedf2279112a1ed5c5a20ed796db95860179
SERVER_HANDSHAKE_TRAFFIC_SECRET 95c97db2a64fdf381baf385fe2687b825366feebdf671feba5be8ddab28343da 8bc5a5bbfbbad7cf9acadc1b990e513113d913084593cf6082fddb25de38a3d5
CLIENT_TRAFFIC_SECRET_0 95c97db2a64fdf381baf385fe2687b825366feebdf671feba5be8ddab28343da dc086335541e68e2586da228a630808de40a8c3a991234e67e317a13f5f84163
SERVER_TRAFFIC_SECRET_0 95c97db2a64fdf381baf385fe2687b825366feebdf671feba5be8ddab28343da 4538f83feceac039e680fc5434efc24e59d326afbb36a32cae5a4046c3ad62d0
EXPORTER_SECRET 95c97db2a64fdf381baf385fe2687b825366feebdf671feba5be8ddab28343da b8c2917a9b5c4cf4fd865df3ad6f36ec7b0340fb3e5330b77e6846d189639b8f
CLIENT_HANDSHAKE_TRAFFIC_SECRET 64ed6a58eb2808fda2810a9ae91018d37618300623019e5189db064aaa875055 9a0688e3b63d935b4cbd6d2b67d4b8ae55fe3035d3cf031737b471f7eca6addc
SERVER_HANDSHAKE_TRAFFIC_SECRET 64ed6a58eb2808fda2810a9ae91018d37618300623019e5189db064aaa875055 121f6df24810fb062f4ba625abe647fdb1d56d7d61ed46d4b44400028bacd3aa
CLIENT_TRAFFIC_SECRET_0 64ed6a58eb2808fda2810a9ae91018d37618300623019e5189db064aaa875055 183ae086ea028bb276c4a00b07e964f08977361a8e395be7a191bff898dd59c9
SERVER_TRAFFIC_SECRET_0 64ed6a58eb2808fda2810a9ae91018d37618300623019e5189db064aaa875055 bdf1296aa222aa7738fad3713c4f3c59e77543f18ff69ff7a8b0bd5cc37d1ecc
EXPORTER_SECRET 64ed6a58eb2808fda2810a9ae91018d37618300623019e5189db064aaa875055 63e003dae18358e9c7ad0d7495d7ff7c635188d8ffab795337e5444fc538b143
CLIENT_HANDSHAKE_TRAFFIC_SECRET 64ed6a58eb2808fda2810a9ae91018d37618300623019e5189db064aaa875055 9a0688e3b63d935b4cbd6d2b67d4b8ae55fe3035d3cf031737b471f7eca6addc
SERVER_HANDSHAKE_TRAFFIC_SECRET 64ed6a58eb2808fda2810a9ae91018d37618300623019e5189db064aaa875055 121f6df24810fb062f4ba625abe647fdb1d56d7d61ed46d4b44400028bacd3aa
CLIENT_TRAFFIC_SECRET_0 64ed6a58eb2808fda2810a9ae91018d37618300623019e5189db064aaa875055 183ae086ea028bb276c4a00b07e964f08977361a8e395be7a191bff898dd59c9
SERVER_TRAFFIC_SECRET_0 64ed6a58eb2808fda2810a9ae91018d37618300623019e5189db064aaa875055 bdf1296aa222aa7738fad3713c4f3c59e77543f18ff69ff7a8b0bd5cc37d1ecc
EXPORTER_SECRET 64ed6a58eb2808fda2810a9ae91018d37618300623019e5189db064aaa875055 63e003dae18358e9c7ad0d7495d7ff7c635188d8ffab795337e5444fc538b143
CLIENT_HANDSHAKE_TRAFFIC_SECRET c96929daa30025dbc0943eeaa93cceeab836be90b8477920600a8bea5ca57b14 6cc6b1c0f2f2cb4a2f096b2eacb2a24a8d303f7fd36b4b2290604c8a362a0a91
SERVER_HANDSHAKE_TRAFFIC_SECRET c96929daa30025dbc0943eeaa93cceeab836be90b8477920600a8bea5ca57b14 11e892d17a4e2204ac12ab3c61339a3ba053671ee27955424537d5924b4a9d2c
CLIENT_TRAFFIC_SECRET_0 c96929daa30025dbc0943eeaa93cceeab836be90b8477920600a8bea5ca57b14 78e23e057890ee1eb5c34becaea174db6e9fe05569c302f9d1dbe9e2fe67fa54
SERVER_TRAFFIC_SECRET_0 c96929daa30025dbc0943eeaa93cceeab836be90b8477920600a8bea5ca57b14 2ec4269ae87ea99f1b699ef4aabb7a47c9699ed663a545ecd0bcabbdbdc23927
EXPORTER_SECRET c96929daa30025dbc0943eeaa93cceeab836be90b8477920600a8bea5ca57b14 bf6ad2123c8ea8c02cab306177aab71ac0887038c8bc410eccb4f1cc78aac845
CLIENT_HANDSHAKE_TRAFFIC_SECRET c96929daa30025dbc0943eeaa93cceeab836be90b8477920600a8bea5ca57b14 6cc6b1c0f2f2cb4a2f096b2eacb2a24a8d303f7fd36b4b2290604c8a362a0a91
SERVER_HANDSHAKE_TRAFFIC_SECRET c96929daa30025dbc0943eeaa93cceeab836be90b8477920600a8bea5ca57b14 11e892d17a4e2204ac12ab3c61339a3ba053671ee27955424537d5924b4a9d2c
CLIENT_TRAFFIC_SECRET_0 c96929daa30025dbc0943eeaa93cceeab836be90b8477920600a8bea5ca57b14 78e23e057890ee1eb5c34becaea174db6e9fe05569c302f9d1dbe9e2fe67fa54
SERVER_TRAFFIC_SECRET_0 c96929daa30025dbc0943eeaa93cceeab836be90b8477920600a8bea5ca57b14 2ec4269ae87ea99f1b699ef4aabb7a47c9699ed663a545ecd0bcabbdbdc23927
EXPORTER_SECRET c96929daa30025dbc0943eeaa93cceeab836be90b8477920600a8bea5ca57b14 bf6ad2123c8ea8c02cab306177aab71ac0887038c8bc410eccb4f1cc78aac845
CLIENT_HANDSHAKE_TRAFFIC_SECRET dd3301a5cfa561f571846863a5e50ed42a3abe4f06f8d304689f70723965ca6b 5eb61408db35d97b829a9592b3fc073aa6d9ddcb24ead4825b4b82618e25197a
SERVER_HANDSHAKE_TRAFFIC_SECRET dd3301a5cfa561f571846863a5e50ed42a3abe4f06f8d304689f70723965ca6b 7f134e2d730d1f626be062d548f5a4dbe78bb8d675e24614d9b3f846760f174f
CLIENT_TRAFFIC_SECRET_0 dd3301a5cfa561f571846863a5e50ed42a3abe4f06f8d304689f70723965ca6b c12d5eccd5df820beb17411d7fb038fce0d6559b034c6b310e1efe8259bc349a
SERVER_TRAFFIC_SECRET_0 dd3301a5cfa561f571846863a5e50ed42a3abe4f06f8d304689f70723965ca6b 045f95a970291731352a294070e8a50622a86cdabf67588020e6ce281e291e62
EXPORTER_SECRET dd3301a5cfa561f571846863a5e50ed42a3abe4f06f8d304689f70723965ca6b 174009ff930e792e293d143f000ced8d919a3e6e86ad8df5a003454d1916c409
CLIENT_HANDSHAKE_TRAFFIC_SECRET dd3301a5cfa561f571846863a5e50ed42a3abe4f06f8d304689f70723965ca6b 5eb61408db35d97b829a9592b3fc073aa6d9ddcb24ead4825b4b82618e25197a
SERVER_HANDSHAKE_TRAFFIC_SECRET dd3301a5cfa561f571846863a5e50ed42a3abe4f06f8d304689f70723965ca6b 7f134e2d730d1f626be062d548f5a4dbe78bb8d675e24614d9b3f846760f174f
CLIENT_TRAFFIC_SECRET_0 dd3301a5cfa561f571846863a5e50ed42a3abe4f06f8d304689f70723965ca6b c12d5eccd5df820beb17411d7fb038fce0d6559b034c6b310e1efe8259bc349a
SERVER_TRAFFIC_SECRET_0 dd3301a5cfa561f571846863a5e50ed42a3abe4f06f8d304689f70723965ca6b 045f95a970291731352a294070e8a50622a86cdabf67588020e6ce281e291e62
EXPORTER_SECRET dd3301a5cfa561f571846863a5e50ed42a3abe4f06f8d304689f70723965ca6b 174009ff930e792e293d143f000ced8d919a3e6e86ad8df5a003454d1916c409
CLIENT_HANDSHAKE_TRAFFIC_SECRET cd7a71c14ae7fbe137019be66fa6a8e7265d5ff067931ac06dbfa5eaab572e44 d69c707e8c509c4fbbe9ec904ed3aa27ad1311ec65b2f12d5be43fc559baf1d4
SERVER_HANDSHAKE_TRAFFIC_SECRET cd7a71c14ae7fbe137019be66fa6a8e7265d5ff067931ac06dbfa5eaab572e44 1de89c8f59a30d6b082994a56b7dbe802507e1c16f2e2aa12694218f5b036008
CLIENT_TRAFFIC_SECRET_0 cd7a71c14ae7fbe137019be66fa6a8e7265d5ff067931ac06dbfa5eaab572e44 f6a5bf89e040c2ffd10771b04c6829310717b9bad53a8fa78f9b619aa4a3d574
SERVER_TRAFFIC_SECRET_0 cd7a71c14ae7fbe137019be66fa6a8e7265d5ff067931ac06dbfa5eaab572e44 62b4ef517fec89fdde3415b8c50761bc21f4a84146f8343e4040994d92ef1366
EXPORTER_SECRET cd7a71c14ae7fbe137019be66fa6a8e7265d5ff067931ac06dbfa5eaab572e44 396b87776af91a826e775d78645a2f84cf4b516e9ca9b77532276d15dd05fffd
CLIENT_HANDSHAKE_TRAFFIC_SECRET cd7a71c14ae7fbe137019be66fa6a8e7265d5ff067931ac06dbfa5eaab572e44 d69c707e8c509c4fbbe9ec904ed3aa27ad1311ec65b2f12d5be43fc559baf1d4
SERVER_HANDSHAKE_TRAFFIC_SECRET cd7a71c14ae7fbe137019be66fa6a8e7265d5ff067931ac06dbfa5eaab572e44 1de89c8f59a30d6b082994a56b7dbe802507e1c16f2e2aa12694218f5b036008
CLIENT_TRAFFIC_SECRET_0 cd7a71c14ae7fbe137019be66fa6a8e7265d5ff067931ac06dbfa5eaab572e44 f6a5bf89e040c2ffd10771b04c6829310717b9bad53a8fa78f9b619aa4a3d574
SERVER_TRAFFIC_SECRET_0 cd7a71c14ae7fbe137019be66fa6a8e7265d5ff067931ac06dbfa5eaab572e44 62b4ef517fec89fdde3415b8c50761bc21f4a84146f8343e4040994d92ef1366
EXPORTER_SECRET cd7a71c14ae7fbe137019be66fa6a8e7265d5ff067931ac06dbfa5eaab572e44 396b87776af91a826e775d78645a2f84cf4b516e9ca9b77532276d15dd05fffd
CLIENT_HANDSHAKE_TRAFFIC_SECRET 6f6473fcb6eec4aac1343fcc5d2ee3cdbb05d4cbfbc4a0bcc2bd7fe06a41261f e0ca8a1e95f7946d6ca1df1d7b68d75578fa712e6aef78785743c11c19767401
SERVER_HANDSHAKE_TRAFFIC_SECRET 6f6473fcb6eec4aac1343fcc5d2ee3cdbb05d4cbfbc4a0bcc2bd7fe06a41261f 280ec5b076a26708cd60af0c05cbc762375bc661b922daac0c6ab9b34cedd651
CLIENT_TRAFFIC_SECRET_0 6f6473fcb6eec4aac1343fcc5d2ee3cdbb05d4cbfbc4a0bcc2bd7fe06a41261f 562667c0fa643ebd56b99181e344b965e027c194b92d0d4f400e5717cb966e4e
SERVER_TRAFFIC_SECRET_0 6f6473fcb6eec4aac1343fcc5d2ee3cdbb05d4cbfbc4a0bcc2bd7fe06a41261f d7ab0371f91b8342f2374d675e7b168e222e346567ea2298e59b651f4068fec6
EXPORTER_SECRET 6f6473fcb6eec4aac1343fcc5d2ee3cdbb05d4cbfbc4a0bcc2bd7fe06a41261f d751f555c06c33b1ce228ab0645538265c7bcf8cb7cfcf1058af80535aba5b3b
CLIENT_HANDSHAKE_TRAFFIC_SECRET 6f6473fcb6eec4aac1343fcc5d2ee3cdbb05d4cbfbc4a0bcc2bd7fe06a41261f e0ca8a1e95f7946d6ca1df1d7b68d75578fa712e6aef78785743c11c19767401
SERVER_HANDSHAKE_TRAFFIC_SECRET 6f6473fcb6eec4aac1343fcc5d2ee3cdbb05d4cbfbc4a0bcc2bd7fe06a41261f 280ec5b076a26708cd60af0c05cbc762375bc661b922daac0c6ab9b34cedd651
CLIENT_TRAFFIC_SECRET_0 6f6473fcb6eec4aac1343fcc5d2ee3cdbb05d4cbfbc4a0bcc2bd7fe06a41261f 562667c0fa643ebd56b99181e344b965e027c194b92d0d4f400e5717cb966e4e
SERVER_TRAFFIC_SECRET_0 6f6473fcb6eec4aac1343fcc5d2ee3cdbb05d4cbfbc4a0bcc2bd7fe06a41261f d7ab0371f91b8342f2374d675e7b168e222e346567ea2298e59b651f4068fec6
EXPORTER_SECRET 6f6473fcb6eec4aac1343fcc5d2ee3cdbb05d4cbfbc4a0bcc2bd7fe06a41261f d751f555c06c33b1ce228ab0645538265c7bcf8cb7cfcf1058af80535aba5b3b
CLIENT_HANDSHAKE_TRAFFIC_SECRET 43ca251d7e25cf2930d136766bf15e668f19dbbec4d675f1ab1aff9a1e69d905 4a65719e05e68da832172101b3980b683b190be2646cb5a7c0e7dd780ef5e9fe
SERVER_HANDSHAKE_TRAFFIC_SECRET 43ca251d7e25cf2930d136766bf15e668f19dbbec4d675f1ab1aff9a1e69d905 2073a8adc9d8de1df65f797bbe3bce845751bebd1bd25a5bfc2fcd32be830928
CLIENT_TRAFFIC_SECRET_0 43ca251d7e25cf2930d136766bf15e668f19dbbec4d675f1ab1aff9a1e69d905 077ba3ffc8459b2fecb3083f2db4ec22cb0e39f8424cb9e1498d179f54f5a06d
SERVER_TRAFFIC_SECRET_0 43ca251d7e25cf2930d136766bf15e668f19dbbec4d675f1ab1aff9a1e69d905 a458fbe43d2f0b218e1764831174af015d5e83087f27c5e1b03a3f1c0e5fdaae
EXPORTER_SECRET 43ca251d7e25cf2930d136766bf15e668f19dbbec4d675f1ab1aff9a1e69d905 db9cb321b8c9b330c617b6a1bedbcb22969c2fb5a8f9d7d854c62cc351ca5c25
CLIENT_HANDSHAKE_TRAFFIC_SECRET 43ca251d7e25cf2930d136766bf15e668f19dbbec4d675f1ab1aff9a1e69d905 4a65719e05e68da832172101b3980b683b190be2646cb5a7c0e7dd780ef5e9fe
SERVER_HANDSHAKE_TRAFFIC_SECRET 43ca251d7e25cf2930d136766bf15e668f19dbbec4d675f1ab1aff9a1e69d905 2073a8adc9d8de1df65f797bbe3bce845751bebd1bd25a5bfc2fcd32be830928
CLIENT_TRAFFIC_SECRET_0 43ca251d7e25cf2930d136766bf15e668f19dbbec4d675f1ab1aff9a1e69d905 077ba3ffc8459b2fecb3083f2db4ec22cb0e39f8424cb9e1498d179f54f5a06d
SERVER_TRAFFIC_SECRET_0 43ca251d7e25cf2930d136766bf15e668f19dbbec4d675f1ab1aff9a1e69d905 a458fbe43d2f0b218e1764831174af015d5e83087f27c5e1b03a3f1c0e5fdaae
EXPORTER_SECRET 43ca251d7e25cf2930d136766bf15e668f19dbbec4d675f1ab1aff9a1e69d905 db9cb321b8c9b330c617b6a1bedbcb22969c2fb5a8f9d7d854c62cc351ca5c25
